<?xml version="1.0" encoding="UTF-8"?>
<robot generator="Robot 7.1.1 (Python 3.9.8 on darwin)" generated="2024-11-20T20:17:49.550298" rpa="false" schemaversion="5">
<suite id="s1" name="Test" source="/Users/knab/Documents/GitHub/commitpj/test.robot">
<test id="s1-t1" name="my first tc" line="5">
<kw name="Log To Console" owner="BuiltIn">
<arg>Hellow</arg>
<doc>Logs the given message to the console.</doc>
<status status="PASS" start="2024-11-20T20:17:49.585663" elapsed="0.000261"/>
</kw>
<status status="PASS" start="2024-11-20T20:17:49.584636" elapsed="0.001539"/>
</test>
<doc>Suite documentation</doc>
<status status="PASS" start="2024-11-20T20:17:49.554207" elapsed="0.032493"/>
</suite>
<statistics>
<total>
<stat pass="1" fail="0" skip="0">All Tests</stat>
</total>
<tag>
</tag>
<suite>
<stat pass="1" fail="0" skip="0" id="s1" name="Test">Test</stat>
</suite>
</statistics>
<errors>
</errors>
</robot>
